<?xml version="1.0" encoding="UTF-8"?>
<testsuite xmlns:xsi="http://www.w3.org/2001/XMLSchema-instance" xsi:noNamespaceSchemaLocation="https://maven.apache.org/surefire/maven-surefire-plugin/xsd/surefire-test-report-3.0.xsd" version="3.0" name="com.prodify.cqrs.OrderService.OrderServiceApplicationTests" time="16.995" tests="1" errors="0" skipped="0" failures="0">
  <properties>
[...]
</properties>
  <testcase name="contextLoads" classname="com.prodify.cqrs.OrderService.OrderServiceApplicationTests" time="0.738">
    <system-out><![CDATA[18:59:04.484 [main] INFO org.springframework.test.context.support.AnnotationConfigContextLoaderUtils -- Could not detect default configuration classes for test class [com.prodify.cqrs.OrderService.OrderServiceApplicationTests]: OrderServiceApplicationTests does not declare any static, non-private, non-final, nested classes annotated with @Configuration.
18:59:04.671 [main] INFO org.springframework.boot.test.context.SpringBootTestContextBootstrapper -- Found @SpringBootConfiguration com.prodify.cqrs.OrderService.OrderServiceApplication for test class com.prodify.cqrs.OrderService.OrderServiceApplicationTests
18:59:04.998 [main] INFO org.springframework.boot.devtools.restart.RestartApplicationListener -- Restart disabled due to context in which it is running

  .   ____          _            __ _ _
 /\\ / ___'_ __ _ _(_)_ __  __ _ \ \ \ \
( ( )\___ | '_ | '_| | '_ \/ _` | \ \ \ \
 \\/  ___)| |_)| | | | | || (_| |  ) ) ) )
  '  |____| .__|_| |_|_| |_\__, | / / / /
 =========|_|==============|___/=/_/_/_/
 :: Spring Boot ::                (v3.2.5)

2024-10-25T18:59:05.635+05:30  INFO 24416 --- [           main] c.p.c.O.OrderServiceApplicationTests     : Starting OrderServiceApplicationTests using Java 22.0.2 with PID 24416 (started by DELL in D:\prodify work\work\spring-boot-axon-cqrs-es\OrderService)
2024-10-25T18:59:05.637+05:30  INFO 24416 --- [           main] c.p.c.O.OrderServiceApplicationTests     : No active profile set, falling back to 1 default profile: "default"
2024-10-25T18:59:06.285+05:30  WARN 24416 --- [           main] o.s.c.annotation.AnnotationTypeMapping   : Support for convention-based annotation attribute overrides is deprecated and will be removed in Spring Framework 6.2. Please annotate the following attributes in @org.axonframework.spring.stereotype.Aggregate with appropriate @AliasFor declarations: [type]
2024-10-25T18:59:06.296+05:30  WARN 24416 --- [           main] o.s.c.annotation.AnnotationTypeMapping   : Support for convention-based annotation attribute overrides is deprecated and will be removed in Spring Framework 6.2. Please annotate the following attributes in @org.axonframework.eventsourcing.EventSourcingHandler with appropriate @AliasFor declarations: [payloadType]
2024-10-25T18:59:06.298+05:30  WARN 24416 --- [           main] o.s.c.annotation.AnnotationTypeMapping   : Support for convention-based annotation attribute overrides is deprecated and will be removed in Spring Framework 6.2. Please annotate the following attributes in @org.axonframework.eventsourcing.EventSourcingHandler with appropriate @AliasFor declarations: [payloadType]
2024-10-25T18:59:06.301+05:30  WARN 24416 --- [           main] o.s.c.annotation.AnnotationTypeMapping   : Support for convention-based annotation attribute overrides is deprecated and will be removed in Spring Framework 6.2. Please annotate the following attributes in @org.axonframework.commandhandling.CommandHandler with appropriate @AliasFor declarations: [payloadType]
2024-10-25T18:59:06.349+05:30  WARN 24416 --- [           main] o.s.c.annotation.AnnotationTypeMapping   : Support for convention-based annotation attribute overrides is deprecated and will be removed in Spring Framework 6.2. Please annotate the following attributes in @org.axonframework.eventhandling.EventHandler with appropriate @AliasFor declarations: [payloadType]
2024-10-25T18:59:06.362+05:30  WARN 24416 --- [           main] o.s.c.annotation.AnnotationTypeMapping   : Support for convention-based annotation attribute overrides is deprecated and will be removed in Spring Framework 6.2. Please annotate the following attributes in @org.axonframework.modelling.saga.SagaEventHandler with appropriate @AliasFor declarations: [payloadType]
2024-10-25T18:59:06.363+05:30  WARN 24416 --- [           main] o.s.c.annotation.AnnotationTypeMapping   : Support for convention-based annotation attribute overrides is deprecated and will be removed in Spring Framework 6.2. Please annotate the following attributes in @org.axonframework.modelling.saga.SagaEventHandler with appropriate @AliasFor declarations: [payloadType]
2024-10-25T18:59:08.304+05:30  INFO 24416 --- [           main] .s.d.r.c.RepositoryConfigurationDelegate : Bootstrapping Spring Data JPA repositories in DEFAULT mode.
2024-10-25T18:59:08.434+05:30  INFO 24416 --- [           main] .s.d.r.c.RepositoryConfigurationDelegate : Finished Spring Data repository scanning in 119 ms. Found 1 JPA repository interface.
2024-10-25T18:59:09.497+05:30  WARN 24416 --- [           main] o.s.c.annotation.AnnotationTypeMapping   : Support for convention-based annotation attribute overrides is deprecated and will be removed in Spring Framework 6.2. Please annotate the following attributes in @org.axonframework.modelling.command.AggregateIdentifier with appropriate @AliasFor declarations: [routingKey]
2024-10-25T18:59:10.273+05:30  INFO 24416 --- [           main] o.hibernate.jpa.internal.util.LogHelper  : HHH000204: Processing PersistenceUnitInfo [name: default]
2024-10-25T18:59:10.393+05:30  INFO 24416 --- [           main] org.hibernate.Version                    : HHH000412: Hibernate ORM core version 6.4.4.Final
2024-10-25T18:59:10.465+05:30  INFO 24416 --- [           main] o.h.c.internal.RegionFactoryInitiator    : HHH000026: Second-level cache disabled
2024-10-25T18:59:10.982+05:30  INFO 24416 --- [           main] o.s.o.j.p.SpringPersistenceUnitInfo      : No LoadTimeWeaver setup: ignoring JPA class transformer
2024-10-25T18:59:11.031+05:30  INFO 24416 --- [           main] com.zaxxer.hikari.HikariDataSource       : HikariPool-1 - Starting...
2024-10-25T18:59:11.432+05:30  INFO 24416 --- [           main] com.zaxxer.hikari.pool.HikariPool        : HikariPool-1 - Added connection conn0: url=jdbc:h2:file:~/data/orderDB user=SA
2024-10-25T18:59:11.436+05:30  INFO 24416 --- [           main] com.zaxxer.hikari.HikariDataSource       : HikariPool-1 - Start completed.
2024-10-25T18:59:11.473+05:30  WARN 24416 --- [           main] org.hibernate.orm.deprecation            : HHH90000025: H2Dialect does not need to be specified explicitly using 'hibernate.dialect' (remove the property setting and it will be selected by default)
2024-10-25T18:59:13.770+05:30  INFO 24416 --- [           main] o.h.e.t.j.p.i.JtaPlatformInitiator       : HHH000489: No JTA platform available (set 'hibernate.transaction.jta.platform' to enable JTA platform integration)
2024-10-25T18:59:13.813+05:30  INFO 24416 --- [           main] j.LocalContainerEntityManagerFactoryBean : Initialized JPA EntityManagerFactory for persistence unit 'default'
2024-10-25T18:59:14.158+05:30  INFO 24416 --- [           main] o.a.s.a.XStreamAutoConfiguration         : Initializing an XStream instance since none was found. The auto configuration base packages will be used as wildcards for the XStream security settings.
2024-10-25T18:59:14.428+05:30  INFO 24416 --- [           main] o.a.s.util.XStreamSecurityTypeUtility    : Constructing wildcard type for base package [com.prodify.cqrs.OrderService].
2024-10-25T18:59:14.428+05:30  INFO 24416 --- [           main] o.a.s.util.XStreamSecurityTypeUtility    : Constructing wildcard type for base package [org.axonframework.eventhandling.tokenstore].
2024-10-25T18:59:14.428+05:30  INFO 24416 --- [           main] o.a.s.util.XStreamSecurityTypeUtility    : Constructing wildcard type for base package [org.axonframework.eventhandling.deadletter.jpa].
2024-10-25T18:59:14.428+05:30  INFO 24416 --- [           main] o.a.s.util.XStreamSecurityTypeUtility    : Constructing wildcard type for base package [org.axonframework.modelling.saga.repository.jpa].
2024-10-25T18:59:14.449+05:30  INFO 24416 --- [           main] o.a.serialization.ChainingConverter      : ContentTypeConverter of type [class org.axonframework.serialization.xml.Dom4JToByteArrayConverter] is ignored. It seems to rely on a class that is not available in the class loader: org/dom4j/Document
2024-10-25T18:59:14.451+05:30  INFO 24416 --- [           main] o.a.serialization.ChainingConverter      : ContentTypeConverter of type [class org.axonframework.serialization.xml.InputStreamToDom4jConverter] is ignored. It seems to rely on a class that is not available in the class loader: org/dom4j/Document
2024-10-25T18:59:14.453+05:30  INFO 24416 --- [           main] o.a.serialization.ChainingConverter      : ContentTypeConverter of type [class org.axonframework.serialization.xml.XomToStringConverter] is ignored. It seems to rely on a class that is not available in the class loader: nu/xom/Document
2024-10-25T18:59:14.454+05:30  INFO 24416 --- [           main] o.a.serialization.ChainingConverter      : ContentTypeConverter of type [class org.axonframework.serialization.xml.InputStreamToXomConverter] is ignored. It seems to rely on a class that is not available in the class loader: nu/xom/ParsingException
2024-10-25T18:59:14.591+05:30  INFO 24416 --- [           main] o.a.config.AxonIQConsoleModule           : 
################################################################################################
## You have not configured AxonIQ Console. AxonIQ Console provides out-of-the box monitoring  ##
## and management capabilities for your Axon Application, starting with it is free.           ##
## Visit https://console.axoniq.io for more information!                                      ##
## Suppress this message by setting system property disable-axoniq-console-message to true.   ##
################################################################################################

2024-10-25T18:59:15.464+05:30  WARN 24416 --- [           main] JpaBaseConfiguration$JpaWebConfiguration : spring.jpa.open-in-view is enabled by default. Therefore, database queries may be performed during view rendering. Explicitly configure spring.jpa.open-in-view to disable this warning
2024-10-25T18:59:17.017+05:30  WARN 24416 --- [           main] .s.s.UserDetailsServiceAutoConfiguration : 

Using generated security password: df87a085-1da0-42f1-b933-f9a15be5bfc0

This generated password is for development use only. Your security configuration must be updated before running your application in production.

2024-10-25T18:59:17.259+05:30  INFO 24416 --- [           main] o.s.b.a.e.web.EndpointLinksResolver      : Exposing 1 endpoint(s) beneath base path '/actuator'
2024-10-25T18:59:17.302+05:30  INFO 24416 --- [           main] o.s.s.web.DefaultSecurityFilterChain     : Will secure any request with [org.springframework.security.web.session.DisableEncodeUrlFilter@454056b, org.springframework.security.web.context.request.async.WebAsyncManagerIntegrationFilter@2a882681, org.springframework.security.web.context.SecurityContextHolderFilter@636e6791, org.springframework.security.web.header.HeaderWriterFilter@1184b542, org.springframework.web.filter.CorsFilter@525b999, org.springframework.security.web.csrf.CsrfFilter@2b3247f8, org.springframework.security.web.authentication.logout.LogoutFilter@a9339e5, org.springframework.security.web.authentication.UsernamePasswordAuthenticationFilter@2b6c3f70, org.springframework.security.web.authentication.ui.DefaultLoginPageGeneratingFilter@7ff48cdc, org.springframework.security.web.authentication.ui.DefaultLogoutPageGeneratingFilter@12f4b3a2, org.springframework.security.web.authentication.www.BasicAuthenticationFilter@2fb3c642, org.springframework.security.web.savedrequest.RequestCacheAwareFilter@13ea9afc, org.springframework.security.web.servletapi.SecurityContextHolderAwareRequestFilter@3094111c, org.springframework.security.web.authentication.AnonymousAuthenticationFilter@36af93ca, org.springframework.security.web.access.ExceptionTranslationFilter@51db8b10, org.springframework.security.web.access.intercept.AuthorizationFilter@e944541]
2024-10-25T18:59:17.366+05:30  INFO 24416 --- [           main] o.s.b.a.h2.H2ConsoleAutoConfiguration    : H2 console available at '/h2-console'. Database available at 'jdbc:h2:file:~/data/orderDB'
2024-10-25T18:59:19.472+05:30  INFO 24416 --- [           main] i.a.a.c.impl.AxonServerManagedChannel    : Requesting connection details from localhost:8124
2024-10-25T18:59:19.772+05:30  INFO 24416 --- [           main] i.a.a.c.impl.AxonServerManagedChannel    : Successfully connected to localhost:8124
2024-10-25T18:59:19.785+05:30  INFO 24416 --- [           main] i.a.a.connector.impl.ControlChannelImpl  : Connected instruction stream for context 'default'. Sending client identification
2024-10-25T18:59:19.799+05:30  INFO 24416 --- [           main] i.a.a.c.command.impl.CommandChannelImpl  : CommandChannel for context 'default' connected, 0 command handlers registered
2024-10-25T18:59:19.807+05:30  INFO 24416 --- [           main] i.a.a.c.command.impl.CommandChannelImpl  : Registered handler for command 'com.prodify.cqrs.OrderService.command.api.command.CreateOrderCommand' in context 'default'
2024-10-25T18:59:19.811+05:30  INFO 24416 --- [           main] i.a.a.c.command.impl.CommandChannelImpl  : Registered handler for command 'com.prodify.cqrs.CommonService.commands.CompleteOrderCommand' in context 'default'
2024-10-25T18:59:19.812+05:30  INFO 24416 --- [           main] i.a.a.c.command.impl.CommandChannelImpl  : Registered handler for command 'com.prodify.cqrs.CommonService.commands.CancelOrderCommand' in context 'default'
2024-10-25T18:59:20.023+05:30  INFO 24416 --- [agaProcessor]-0] o.a.e.TrackingEventProcessor             : Worker assigned to segment Segment[0/0] for processing
2024-10-25T18:59:20.023+05:30  INFO 24416 --- [d.api.events]-0] o.a.e.TrackingEventProcessor             : Worker assigned to segment Segment[0/0] for processing
2024-10-25T18:59:20.089+05:30  INFO 24416 --- [d.api.events]-0] o.a.e.TrackingEventProcessor             : Using current Thread for last segment worker: TrackingSegmentWorker{processor=com.prodify.cqrs.OrderService.command.api.events, segment=Segment[0/0]}
2024-10-25T18:59:20.089+05:30  INFO 24416 --- [agaProcessor]-0] o.a.e.TrackingEventProcessor             : Using current Thread for last segment worker: TrackingSegmentWorker{processor=OrderProcessingSagaProcessor, segment=Segment[0/0]}
2024-10-25T18:59:20.095+05:30  INFO 24416 --- [d.api.events]-0] o.a.e.TrackingEventProcessor             : Fetched token: IndexTrackingToken{globalIndex=1} for segment: Segment[0/0]
2024-10-25T18:59:20.095+05:30  INFO 24416 --- [agaProcessor]-0] o.a.e.TrackingEventProcessor             : Fetched token: IndexTrackingToken{globalIndex=1} for segment: Segment[0/0]
2024-10-25T18:59:20.096+05:30  INFO 24416 --- [           main] c.p.c.O.OrderServiceApplicationTests     : Started OrderServiceApplicationTests in 15.124 seconds (process running for 17.1)
]]></system-out>
    <system-err><![CDATA[WARNING: A Java agent has been loaded dynamically (C:\Users\DELL\.m2\repository\net\bytebuddy\byte-buddy-agent\1.14.13\byte-buddy-agent-1.14.13.jar)
WARNING: If a serviceability tool is in use, please run with -XX:+EnableDynamicAgentLoading to hide this warning
WARNING: If a serviceability tool is not in use, please run with -Djdk.instrument.traceUsage for more information
WARNING: Dynamic loading of agents will be disallowed by default in a future release
]]></system-err>
  </testcase>
</testsuite>