<?xml version="1.0" encoding="UTF-8"?>
<testsuite xmlns:xsi="http://www.w3.org/2001/XMLSchema-instance" xsi:noNamespaceSchemaLocation="https://maven.apache.org/surefire/maven-surefire-plugin/xsd/surefire-test-report-3.0.xsd" version="3.0" name="com.prodify.cqrs.OrderService.OrderServiceApplicationTests" time="8.764" tests="1" errors="0" skipped="0" failures="0">
  <properties>
[...]
</properties>
  <testcase name="contextLoads" classname="com.prodify.cqrs.OrderService.OrderServiceApplicationTests" time="0.613">
    <system-out><![CDATA[12:49:51.496 [main] INFO org.springframework.test.context.support.AnnotationConfigContextLoaderUtils -- Could not detect default configuration classes for test class [com.prodify.cqrs.OrderService.OrderServiceApplicationTests]: OrderServiceApplicationTests does not declare any static, non-private, non-final, nested classes annotated with @Configuration.
12:49:51.593 [main] INFO org.springframework.boot.test.context.SpringBootTestContextBootstrapper -- Found @SpringBootConfiguration com.prodify.cqrs.OrderService.OrderServiceApplication for test class com.prodify.cqrs.OrderService.OrderServiceApplicationTests

  .   ____          _            __ _ _
 /\\ / ___'_ __ _ _(_)_ __  __ _ \ \ \ \
( ( )\___ | '_ | '_| | '_ \/ _` | \ \ \ \
 \\/  ___)| |_)| | | | | || (_| |  ) ) ) )
  '  |____| .__|_| |_|_| |_\__, | / / / /
 =========|_|==============|___/=/_/_/_/
&amp#27;[32m :: Spring Boot :: &amp#27;[39m              &amp#27;[2m (v3.2.5)&amp#27;[0;39m

2024-11-18 12:49:52 -  INFO - [RequestId: ] - Starting OrderServiceApplicationTests using Java 22.0.2 with PID 42358 (started by prasannakumardeep in /Users/prasannakumardeep/IdeaProjects/MicroservicesSpringKafka/OrderService)
2024-11-18 12:49:52 -  INFO - [RequestId: ] - No active profile set, falling back to 1 default profile: "default"
2024-11-18 12:49:52 -  WARN - [RequestId: ] - Support for convention-based annotation attribute overrides is deprecated and will be removed in Spring Framework 6.2. Please annotate the following attributes in @org.axonframework.spring.stereotype.Aggregate with appropriate @AliasFor declarations: [type]
2024-11-18 12:49:52 -  WARN - [RequestId: ] - Support for convention-based annotation attribute overrides is deprecated and will be removed in Spring Framework 6.2. Please annotate the following attributes in @org.axonframework.eventsourcing.EventSourcingHandler with appropriate @AliasFor declarations: [payloadType]
2024-11-18 12:49:52 -  WARN - [RequestId: ] - Support for convention-based annotation attribute overrides is deprecated and will be removed in Spring Framework 6.2. Please annotate the following attributes in @org.axonframework.eventsourcing.EventSourcingHandler with appropriate @AliasFor declarations: [payloadType]
2024-11-18 12:49:52 -  WARN - [RequestId: ] - Support for convention-based annotation attribute overrides is deprecated and will be removed in Spring Framework 6.2. Please annotate the following attributes in @org.axonframework.commandhandling.CommandHandler with appropriate @AliasFor declarations: [payloadType]
2024-11-18 12:49:52 -  WARN - [RequestId: ] - Support for convention-based annotation attribute overrides is deprecated and will be removed in Spring Framework 6.2. Please annotate the following attributes in @org.axonframework.eventhandling.EventHandler with appropriate @AliasFor declarations: [payloadType]
2024-11-18 12:49:52 -  WARN - [RequestId: ] - Support for convention-based annotation attribute overrides is deprecated and will be removed in Spring Framework 6.2. Please annotate the following attributes in @org.axonframework.modelling.saga.SagaEventHandler with appropriate @AliasFor declarations: [payloadType]
2024-11-18 12:49:52 -  WARN - [RequestId: ] - Support for convention-based annotation attribute overrides is deprecated and will be removed in Spring Framework 6.2. Please annotate the following attributes in @org.axonframework.modelling.saga.SagaEventHandler with appropriate @AliasFor declarations: [payloadType]
2024-11-18 12:49:53 -  INFO - [RequestId: ] - Bootstrapping Spring Data JPA repositories in DEFAULT mode.
2024-11-18 12:49:53 -  INFO - [RequestId: ] - Finished Spring Data repository scanning in 140 ms. Found 1 JPA repository interface.
2024-11-18 12:49:53 -  INFO - [RequestId: ] - BeanFactory id=5e35606d-662f-3b68-9d77-a7c000e881fb
2024-11-18 12:49:53 -  WARN - [RequestId: ] - Support for convention-based annotation attribute overrides is deprecated and will be removed in Spring Framework 6.2. Please annotate the following attributes in @org.axonframework.modelling.command.AggregateIdentifier with appropriate @AliasFor declarations: [routingKey]
2024-11-18 12:49:54 -  WARN - [RequestId: ] - Bean 'org.springframework.cloud.client.loadbalancer.LoadBalancerAutoConfiguration$DeferringLoadBalancerInterceptorConfig' of type [org.springframework.cloud.client.loadbalancer.LoadBalancerAutoConfiguration$DeferringLoadBalancerInterceptorConfig] is not eligible for getting processed by all BeanPostProcessors (for example: not eligible for auto-proxying). The currently created BeanPostProcessor [lbRestClientPostProcessor] is declared through a non-static factory method on that class; consider declaring it as static instead.
2024-11-18 12:49:54 -  WARN - [RequestId: ] - Bean 'deferringLoadBalancerInterceptor' of type [org.springframework.cloud.client.loadbalancer.DeferringLoadBalancerInterceptor] is not eligible for getting processed by all BeanPostProcessors (for example: not eligible for auto-proxying). Is this bean getting eagerly injected into a currently created BeanPostProcessor [lbRestClientPostProcessor]? Check the corresponding BeanPostProcessor declaration and its dependencies.
2024-11-18 12:49:54 -  INFO - [RequestId: ] - HHH000204: Processing PersistenceUnitInfo [name: default]
2024-11-18 12:49:54 -  INFO - [RequestId: ] - HHH000412: Hibernate ORM core version 6.4.4.Final
2024-11-18 12:49:54 -  INFO - [RequestId: ] - HHH000026: Second-level cache disabled
2024-11-18 12:49:54 -  INFO - [RequestId: ] - No LoadTimeWeaver setup: ignoring JPA class transformer
2024-11-18 12:49:54 -  INFO - [RequestId: ] - HikariPool-1 - Starting...
2024-11-18 12:49:54 -  INFO - [RequestId: ] - HikariPool-1 - Added connection org.postgresql.jdbc.PgConnection@760c777d
2024-11-18 12:49:54 -  INFO - [RequestId: ] - HikariPool-1 - Start completed.
2024-11-18 12:49:54 -  WARN - [RequestId: ] - HHH90000025: PostgreSQLDialect does not need to be specified explicitly using 'hibernate.dialect' (remove the property setting and it will be selected by default)
2024-11-18 12:49:55 -  INFO - [RequestId: ] - HHH000489: No JTA platform available (set 'hibernate.transaction.jta.platform' to enable JTA platform integration)
2024-11-18 12:49:55 -  INFO - [RequestId: ] - Initialized JPA EntityManagerFactory for persistence unit 'default'
2024-11-18 12:49:55 -  INFO - [RequestId: ] - Initializing an XStream instance since none was found. The auto configuration base packages will be used as wildcards for the XStream security settings.
2024-11-18 12:49:56 -  INFO - [RequestId: ] - Constructing wildcard type for base package [com.prodify.cqrs.OrderService].
2024-11-18 12:49:56 -  INFO - [RequestId: ] - Constructing wildcard type for base package [org.axonframework.eventhandling.tokenstore].
2024-11-18 12:49:56 -  INFO - [RequestId: ] - Constructing wildcard type for base package [org.axonframework.eventhandling.deadletter.jpa].
2024-11-18 12:49:56 -  INFO - [RequestId: ] - Constructing wildcard type for base package [org.axonframework.modelling.saga.repository.jpa].
2024-11-18 12:49:56 -  INFO - [RequestId: ] - ContentTypeConverter of type [class org.axonframework.serialization.xml.Dom4JToByteArrayConverter] is ignored. It seems to rely on a class that is not available in the class loader: org/dom4j/Document
2024-11-18 12:49:56 -  INFO - [RequestId: ] - ContentTypeConverter of type [class org.axonframework.serialization.xml.InputStreamToDom4jConverter] is ignored. It seems to rely on a class that is not available in the class loader: org/dom4j/Document
2024-11-18 12:49:56 -  INFO - [RequestId: ] - ContentTypeConverter of type [class org.axonframework.serialization.xml.XomToStringConverter] is ignored. It seems to rely on a class that is not available in the class loader: nu/xom/Document
2024-11-18 12:49:56 -  INFO - [RequestId: ] - ContentTypeConverter of type [class org.axonframework.serialization.xml.InputStreamToXomConverter] is ignored. It seems to rely on a class that is not available in the class loader: nu/xom/ParsingException
2024-11-18 12:49:56 -  INFO - [RequestId: ] - 
################################################################################################
## You have not configured AxonIQ Console. AxonIQ Console provides out-of-the box monitoring  ##
## and management capabilities for your Axon Application, starting with it is free.           ##
## Visit https://console.axoniq.io for more information!                                      ##
## Suppress this message by setting system property disable-axoniq-console-message to true.   ##
################################################################################################

2024-11-18 12:49:56 -  INFO - [RequestId: ] - Creating Kafka Template
2024-11-18 12:49:56 -  INFO - [RequestId: ] - Initializing Kafka Producer Factory with configuration: {retries=3, value.serializer=class org.springframework.kafka.support.serializer.JsonSerializer, request.timeout.ms=5000, acks=all, bootstrap.servers=localhost:9092, key.serializer=class org.apache.kafka.common.serialization.StringSerializer}
2024-11-18 12:49:56 -  INFO - [RequestId: ] - Hibernate is in classpath; If applicable, HQL parser will be used.
2024-11-18 12:49:56 -  WARN - [RequestId: ] - spring.jpa.open-in-view is enabled by default. Therefore, database queries may be performed during view rendering. Explicitly configure spring.jpa.open-in-view to disable this warning
2024-11-18 12:49:57 -  INFO - [RequestId: ] - Eureka HTTP Client uses RestTemplate.
2024-11-18 12:49:58 -  WARN - [RequestId: ] - Spring Cloud LoadBalancer is currently working with the default cache. While this cache implementation is useful for development and tests, it's recommended to use Caffeine cache in production.You can switch to using Caffeine cache, by adding it and org.springframework.cache.caffeine.CaffeineCacheManager to the classpath.
2024-11-18 12:49:58 -  INFO - [RequestId: ] - Exposing 1 endpoint(s) beneath base path '/actuator'
2024-11-18 12:49:58 -  INFO - [RequestId: ] - Setting initial instance status as: STARTING
2024-11-18 12:49:58 -  INFO - [RequestId: ] - Initializing Eureka in region us-east-1
2024-11-18 12:49:58 -  INFO - [RequestId: ] - Resolving eureka endpoints via configuration
2024-11-18 12:49:58 -  INFO - [RequestId: ] - Disable delta property : false
2024-11-18 12:49:58 -  INFO - [RequestId: ] - Single vip registry refresh property : null
2024-11-18 12:49:58 -  INFO - [RequestId: ] - Force full registry fetch : false
2024-11-18 12:49:58 -  INFO - [RequestId: ] - Application is null : false
2024-11-18 12:49:58 -  INFO - [RequestId: ] - Registered Applications size is zero : true
2024-11-18 12:49:58 -  INFO - [RequestId: ] - Application version is -1: true
2024-11-18 12:49:58 -  INFO - [RequestId: ] - Getting all instance registry info from the eureka server
2024-11-18 12:49:58 -  INFO - [RequestId: ] - The response status is 200
2024-11-18 12:49:58 -  INFO - [RequestId: ] - Starting heartbeat executor: renew interval is: 30
2024-11-18 12:49:58 -  INFO - [RequestId: ] - InstanceInfoReplicator onDemand update allowed rate per min is 4
2024-11-18 12:49:58 -  INFO - [RequestId: ] - Discovery Client initialized at timestamp 1731914398482 with initial instances count: 1
2024-11-18 12:49:58 -  INFO - [RequestId: ] - Registering application ORDER-SERVICE with eureka with status UP
2024-11-18 12:49:58 -  INFO - [RequestId: ] - Saw local status change event StatusChangeEvent [timestamp=1731914398491, current=UP, previous=STARTING]
2024-11-18 12:49:58 -  INFO - [RequestId: ] - DiscoveryClient_ORDER-SERVICE/192.168.29.221:order-service:8083: registering service...
2024-11-18 12:49:58 -  INFO - [RequestId: ] - DiscoveryClient_ORDER-SERVICE/192.168.29.221:order-service:8083 - registration status: 204
2024-11-18 12:49:59 -  INFO - [RequestId: ] - Requesting connection details from localhost:8124
2024-11-18 12:49:59 -  INFO - [RequestId: ] - Successfully connected to localhost:8124
2024-11-18 12:49:59 -  INFO - [RequestId: ] - Connected instruction stream for context 'default'. Sending client identification
2024-11-18 12:49:59 -  INFO - [RequestId: ] - CommandChannel for context 'default' connected, 0 command handlers registered
2024-11-18 12:49:59 -  INFO - [RequestId: ] - Registered handler for command 'com.prodify.cqrs.OrderService.command.api.command.CreateOrderCommand' in context 'default'
2024-11-18 12:49:59 -  INFO - [RequestId: ] - Registered handler for command 'com.prodify.cqrs.CommonService.commands.CompleteOrderCommand' in context 'default'
2024-11-18 12:49:59 -  INFO - [RequestId: ] - Registered handler for command 'com.prodify.cqrs.OrderService.command.api.command.UpdateOrderCommand' in context 'default'
2024-11-18 12:49:59 -  INFO - [RequestId: ] - Registered handler for command 'com.prodify.cqrs.CommonService.commands.CancelOrderCommand' in context 'default'
2024-11-18 12:49:59 -  INFO - [RequestId: ] - Registered handler for command 'com.prodify.cqrs.OrderService.command.api.command.DeleteOrderCommand' in context 'default'
2024-11-18 12:49:59 -  INFO - [RequestId: ] - Worker assigned to segment Segment[0/0] for processing
2024-11-18 12:49:59 -  INFO - [RequestId: ] - Worker assigned to segment Segment[0/0] for processing
2024-11-18 12:49:59 -  INFO - [RequestId: ] - Using current Thread for last segment worker: TrackingSegmentWorker{processor=OrderProcessingSagaProcessor, segment=Segment[0/0]}
2024-11-18 12:49:59 -  INFO - [RequestId: ] - Using current Thread for last segment worker: TrackingSegmentWorker{processor=com.prodify.cqrs.OrderService.command.api.events, segment=Segment[0/0]}
2024-11-18 12:49:59 -  INFO - [RequestId: ] - Started OrderServiceApplicationTests in 7.689 seconds (process running for 8.505)
2024-11-18 12:49:59 -  INFO - [RequestId: ] - Fetched token: IndexTrackingToken{globalIndex=134} for segment: Segment[0/0]
2024-11-18 12:49:59 -  INFO - [RequestId: ] - Fetched token: IndexTrackingToken{globalIndex=134} for segment: Segment[0/0]
]]></system-out>
    <system-err><![CDATA[WARNING: A Java agent has been loaded dynamically (/Users/prasannakumardeep/.m2/repository/net/bytebuddy/byte-buddy-agent/1.14.13/byte-buddy-agent-1.14.13.jar)
WARNING: If a serviceability tool is in use, please run with -XX:+EnableDynamicAgentLoading to hide this warning
WARNING: If a serviceability tool is not in use, please run with -Djdk.instrument.traceUsage for more information
WARNING: Dynamic loading of agents will be disallowed by default in a future release
]]></system-err>
  </testcase>
</testsuite>